<?xml version="1.0" encoding="UTF-8"?>
<testsuite xmlns:xsi="http://www.w3.org/2001/XMLSchema-instance" xsi:noNamespaceSchemaLocation="https://maven.apache.org/surefire/maven-surefire-plugin/xsd/surefire-test-report.xsd" name="com.itunes.integration.favorites.FavoriteApplicationIntegrationTests" time="9.709" tests="5" errors="0" skipped="0" failures="0">
  <properties>
    <property name="java.specification.version" value="14"/>
    <property name="sun.cpu.isalist" value="amd64"/>
    <property name="sun.jnu.encoding" value="Cp1252"/>
    <property name="java.class.path" value="D:\projects\somefavorites\target\test-classes;D:\projects\somefavorites\target\classes;C:\Users\titas\.m2\repository\org\springframework\boot\spring-boot-starter-data-jpa\2.3.1.RELEASE\spring-boot-starter-data-jpa-2.3.1.RELEASE.jar;C:\Users\titas\.m2\repository\org\springframework\boot\spring-boot-starter-aop\2.3.1.RELEASE\spring-boot-starter-aop-2.3.1.RELEASE.jar;C:\Users\titas\.m2\repository\org\springframework\spring-aop\5.2.7.RELEASE\spring-aop-5.2.7.RELEASE.jar;C:\Users\titas\.m2\repository\org\aspectj\aspectjweaver\1.9.5\aspectjweaver-1.9.5.jar;C:\Users\titas\.m2\repository\org\springframework\boot\spring-boot-starter-jdbc\2.3.1.RELEASE\spring-boot-starter-jdbc-2.3.1.RELEASE.jar;C:\Users\titas\.m2\repository\com\zaxxer\HikariCP\3.4.5\HikariCP-3.4.5.jar;C:\Users\titas\.m2\repository\org\springframework\spring-jdbc\5.2.7.RELEASE\spring-jdbc-5.2.7.RELEASE.jar;C:\Users\titas\.m2\repository\jakarta\transaction\jakarta.transaction-api\1.3.3\jakarta.transaction-api-1.3.3.jar;C:\Users\titas\.m2\repository\jakarta\persistence\jakarta.persistence-api\2.2.3\jakarta.persistence-api-2.2.3.jar;C:\Users\titas\.m2\repository\org\hibernate\hibernate-core\5.4.17.Final\hibernate-core-5.4.17.Final.jar;C:\Users\titas\.m2\repository\org\javassist\javassist\3.24.0-GA\javassist-3.24.0-GA.jar;C:\Users\titas\.m2\repository\net\bytebuddy\byte-buddy\1.10.11\byte-buddy-1.10.11.jar;C:\Users\titas\.m2\repository\antlr\antlr\2.7.7\antlr-2.7.7.jar;C:\Users\titas\.m2\repository\org\jboss\jandex\2.1.3.Final\jandex-2.1.3.Final.jar;C:\Users\titas\.m2\repository\org\dom4j\dom4j\2.1.3\dom4j-2.1.3.jar;C:\Users\titas\.m2\repository\org\hibernate\common\hibernate-commons-annotations\5.1.0.Final\hibernate-commons-annotations-5.1.0.Final.jar;C:\Users\titas\.m2\repository\org\glassfish\jaxb\jaxb-runtime\2.3.3\jaxb-runtime-2.3.3.jar;C:\Users\titas\.m2\repository\org\glassfish\jaxb\txw2\2.3.3\txw2-2.3.3.jar;C:\Users\titas\.m2\repository\com\sun\istack\istack-commons-runtime\3.0.11\istack-commons-runtime-3.0.11.jar;C:\Users\titas\.m2\repository\com\sun\activation\jakarta.activation\1.2.2\jakarta.activation-1.2.2.jar;C:\Users\titas\.m2\repository\org\springframework\data\spring-data-jpa\2.3.1.RELEASE\spring-data-jpa-2.3.1.RELEASE.jar;C:\Users\titas\.m2\repository\org\springframework\data\spring-data-commons\2.3.1.RELEASE\spring-data-commons-2.3.1.RELEASE.jar;C:\Users\titas\.m2\repository\org\springframework\spring-orm\5.2.7.RELEASE\spring-orm-5.2.7.RELEASE.jar;C:\Users\titas\.m2\repository\org\springframework\spring-context\5.2.7.RELEASE\spring-context-5.2.7.RELEASE.jar;C:\Users\titas\.m2\repository\org\springframework\spring-tx\5.2.7.RELEASE\spring-tx-5.2.7.RELEASE.jar;C:\Users\titas\.m2\repository\org\springframework\spring-beans\5.2.7.RELEASE\spring-beans-5.2.7.RELEASE.jar;C:\Users\titas\.m2\repository\org\springframework\spring-aspects\5.2.7.RELEASE\spring-aspects-5.2.7.RELEASE.jar;C:\Users\titas\.m2\repository\org\springframework\boot\spring-boot-starter-web\2.3.1.RELEASE\spring-boot-starter-web-2.3.1.RELEASE.jar;C:\Users\titas\.m2\repository\org\springframework\boot\spring-boot-starter\2.3.1.RELEASE\spring-boot-starter-2.3.1.RELEASE.jar;C:\Users\titas\.m2\repository\org\springframework\boot\spring-boot\2.3.1.RELEASE\spring-boot-2.3.1.RELEASE.jar;C:\Users\titas\.m2\repository\org\springframework\boot\spring-boot-autoconfigure\2.3.1.RELEASE\spring-boot-autoconfigure-2.3.1.RELEASE.jar;C:\Users\titas\.m2\repository\org\springframework\boot\spring-boot-starter-logging\2.3.1.RELEASE\spring-boot-starter-logging-2.3.1.RELEASE.jar;C:\Users\titas\.m2\repository\org\apache\logging\log4j\log4j-to-slf4j\2.13.3\log4j-to-slf4j-2.13.3.jar;C:\Users\titas\.m2\repository\org\apache\logging\log4j\log4j-api\2.13.3\log4j-api-2.13.3.jar;C:\Users\titas\.m2\repository\org\slf4j\jul-to-slf4j\1.7.30\jul-to-slf4j-1.7.30.jar;C:\Users\titas\.m2\repository\jakarta\annotation\jakarta.annotation-api\1.3.5\jakarta.annotation-api-1.3.5.jar;C:\Users\titas\.m2\repository\org\yaml\snakeyaml\1.26\snakeyaml-1.26.jar;C:\Users\titas\.m2\repository\org\springframework\boot\spring-boot-starter-json\2.3.1.RELEASE\spring-boot-starter-json-2.3.1.RELEASE.jar;C:\Users\titas\.m2\repository\com\fasterxml\jackson\core\jackson-databind\2.11.0\jackson-databind-2.11.0.jar;C:\Users\titas\.m2\repository\com\fasterxml\jackson\core\jackson-annotations\2.11.0\jackson-annotations-2.11.0.jar;C:\Users\titas\.m2\repository\com\fasterxml\jackson\core\jackson-core\2.11.0\jackson-core-2.11.0.jar;C:\Users\titas\.m2\repository\com\fasterxml\jackson\datatype\jackson-datatype-jdk8\2.11.0\jackson-datatype-jdk8-2.11.0.jar;C:\Users\titas\.m2\repository\com\fasterxml\jackson\datatype\jackson-datatype-jsr310\2.11.0\jackson-datatype-jsr310-2.11.0.jar;C:\Users\titas\.m2\repository\com\fasterxml\jackson\module\jackson-module-parameter-names\2.11.0\jackson-module-parameter-names-2.11.0.jar;C:\Users\titas\.m2\repository\org\springframework\boot\spring-boot-starter-tomcat\2.3.1.RELEASE\spring-boot-starter-tomcat-2.3.1.RELEASE.jar;C:\Users\titas\.m2\repository\org\apache\tomcat\embed\tomcat-embed-core\9.0.36\tomcat-embed-core-9.0.36.jar;C:\Users\titas\.m2\repository\org\glassfish\jakarta.el\3.0.3\jakarta.el-3.0.3.jar;C:\Users\titas\.m2\repository\org\apache\tomcat\embed\tomcat-embed-websocket\9.0.36\tomcat-embed-websocket-9.0.36.jar;C:\Users\titas\.m2\repository\org\springframework\spring-web\5.2.7.RELEASE\spring-web-5.2.7.RELEASE.jar;C:\Users\titas\.m2\repository\org\springframework\spring-webmvc\5.2.7.RELEASE\spring-webmvc-5.2.7.RELEASE.jar;C:\Users\titas\.m2\repository\org\springframework\spring-expression\5.2.7.RELEASE\spring-expression-5.2.7.RELEASE.jar;C:\Users\titas\.m2\repository\ch\qos\logback\logback-core\1.2.3\logback-core-1.2.3.jar;C:\Users\titas\.m2\repository\org\slf4j\slf4j-api\1.7.30\slf4j-api-1.7.30.jar;C:\Users\titas\.m2\repository\ch\qos\logback\logback-classic\1.2.3\logback-classic-1.2.3.jar;C:\Users\titas\.m2\repository\com\github\ben-manes\caffeine\caffeine\2.6.2\caffeine-2.6.2.jar;C:\Users\titas\.m2\repository\org\hibernate\validator\hibernate-validator\6.1.5.Final\hibernate-validator-6.1.5.Final.jar;C:\Users\titas\.m2\repository\jakarta\validation\jakarta.validation-api\2.0.2\jakarta.validation-api-2.0.2.jar;C:\Users\titas\.m2\repository\org\jboss\logging\jboss-logging\3.4.1.Final\jboss-logging-3.4.1.Final.jar;C:\Users\titas\.m2\repository\com\fasterxml\classmate\1.5.1\classmate-1.5.1.jar;C:\Users\titas\.m2\repository\org\liquibase\liquibase-core\3.10.0\liquibase-core-3.10.0.jar;C:\Users\titas\.m2\repository\javax\xml\bind\jaxb-api\2.3.1\jaxb-api-2.3.1.jar;C:\Users\titas\.m2\repository\javax\activation\javax.activation-api\1.2.0\javax.activation-api-1.2.0.jar;C:\Users\titas\.m2\repository\com\h2database\h2\1.4.200\h2-1.4.200.jar;C:\Users\titas\.m2\repository\org\projectlombok\lombok\1.18.12\lombok-1.18.12.jar;C:\Users\titas\.m2\repository\org\springframework\boot\spring-boot-starter-test\2.3.1.RELEASE\spring-boot-starter-test-2.3.1.RELEASE.jar;C:\Users\titas\.m2\repository\org\springframework\boot\spring-boot-test\2.3.1.RELEASE\spring-boot-test-2.3.1.RELEASE.jar;C:\Users\titas\.m2\repository\org\springframework\boot\spring-boot-test-autoconfigure\2.3.1.RELEASE\spring-boot-test-autoconfigure-2.3.1.RELEASE.jar;C:\Users\titas\.m2\repository\com\jayway\jsonpath\json-path\2.4.0\json-path-2.4.0.jar;C:\Users\titas\.m2\repository\net\minidev\json-smart\2.3\json-smart-2.3.jar;C:\Users\titas\.m2\repository\net\minidev\accessors-smart\1.2\accessors-smart-1.2.jar;C:\Users\titas\.m2\repository\org\ow2\asm\asm\5.0.4\asm-5.0.4.jar;C:\Users\titas\.m2\repository\jakarta\xml\bind\jakarta.xml.bind-api\2.3.3\jakarta.xml.bind-api-2.3.3.jar;C:\Users\titas\.m2\repository\jakarta\activation\jakarta.activation-api\1.2.2\jakarta.activation-api-1.2.2.jar;C:\Users\titas\.m2\repository\org\assertj\assertj-core\3.16.1\assertj-core-3.16.1.jar;C:\Users\titas\.m2\repository\org\hamcrest\hamcrest\2.2\hamcrest-2.2.jar;C:\Users\titas\.m2\repository\org\junit\jupiter\junit-jupiter\5.6.2\junit-jupiter-5.6.2.jar;C:\Users\titas\.m2\repository\org\junit\jupiter\junit-jupiter-api\5.6.2\junit-jupiter-api-5.6.2.jar;C:\Users\titas\.m2\repository\org\apiguardian\apiguardian-api\1.1.0\apiguardian-api-1.1.0.jar;C:\Users\titas\.m2\repository\org\opentest4j\opentest4j\1.2.0\opentest4j-1.2.0.jar;C:\Users\titas\.m2\repository\org\junit\platform\junit-platform-commons\1.6.2\junit-platform-commons-1.6.2.jar;C:\Users\titas\.m2\repository\org\junit\jupiter\junit-jupiter-params\5.6.2\junit-jupiter-params-5.6.2.jar;C:\Users\titas\.m2\repository\org\junit\jupiter\junit-jupiter-engine\5.6.2\junit-jupiter-engine-5.6.2.jar;C:\Users\titas\.m2\repository\org\junit\platform\junit-platform-engine\1.6.2\junit-platform-engine-1.6.2.jar;C:\Users\titas\.m2\repository\org\mockito\mockito-core\3.3.3\mockito-core-3.3.3.jar;C:\Users\titas\.m2\repository\net\bytebuddy\byte-buddy-agent\1.10.11\byte-buddy-agent-1.10.11.jar;C:\Users\titas\.m2\repository\org\objenesis\objenesis\2.6\objenesis-2.6.jar;C:\Users\titas\.m2\repository\org\mockito\mockito-junit-jupiter\3.3.3\mockito-junit-jupiter-3.3.3.jar;C:\Users\titas\.m2\repository\org\skyscreamer\jsonassert\1.5.0\jsonassert-1.5.0.jar;C:\Users\titas\.m2\repository\com\vaadin\external\google\android-json\0.0.20131108.vaadin1\android-json-0.0.20131108.vaadin1.jar;C:\Users\titas\.m2\repository\org\springframework\spring-core\5.2.7.RELEASE\spring-core-5.2.7.RELEASE.jar;C:\Users\titas\.m2\repository\org\springframework\spring-jcl\5.2.7.RELEASE\spring-jcl-5.2.7.RELEASE.jar;C:\Users\titas\.m2\repository\org\springframework\spring-test\5.2.7.RELEASE\spring-test-5.2.7.RELEASE.jar;C:\Users\titas\.m2\repository\org\xmlunit\xmlunit-core\2.7.0\xmlunit-core-2.7.0.jar;"/>
    <property name="java.vm.vendor" value="AdoptOpenJDK"/>
    <property name="sun.arch.data.model" value="64"/>
    <property name="user.variant" value=""/>
    <property name="java.vendor.url" value="https://adoptopenjdk.net/"/>
    <property name="user.timezone" value="Europe/Vilnius"/>
    <property name="os.name" value="Windows 10"/>
    <property name="java.vm.specification.version" value="14"/>
    <property name="sun.java.launcher" value="SUN_STANDARD"/>
    <property name="user.country" value="US"/>
    <property name="sun.boot.library.path" value="C:\java\adopJdk14\bin"/>
    <property name="sun.java.command" value="C:\Users\titas\AppData\Local\Temp\surefire13016417390405869228\surefirebooter3681329184133716748.jar C:\Users\titas\AppData\Local\Temp\surefire13016417390405869228 2020-06-22T20-03-49_760-jvmRun1 surefire10802445848928070175tmp surefire_113456368008255657846tmp"/>
    <property name="jdk.debug" value="release"/>
    <property name="surefire.test.class.path" value="D:\projects\somefavorites\target\test-classes;D:\projects\somefavorites\target\classes;C:\Users\titas\.m2\repository\org\springframework\boot\spring-boot-starter-data-jpa\2.3.1.RELEASE\spring-boot-starter-data-jpa-2.3.1.RELEASE.jar;C:\Users\titas\.m2\repository\org\springframework\boot\spring-boot-starter-aop\2.3.1.RELEASE\spring-boot-starter-aop-2.3.1.RELEASE.jar;C:\Users\titas\.m2\repository\org\springframework\spring-aop\5.2.7.RELEASE\spring-aop-5.2.7.RELEASE.jar;C:\Users\titas\.m2\repository\org\aspectj\aspectjweaver\1.9.5\aspectjweaver-1.9.5.jar;C:\Users\titas\.m2\repository\org\springframework\boot\spring-boot-starter-jdbc\2.3.1.RELEASE\spring-boot-starter-jdbc-2.3.1.RELEASE.jar;C:\Users\titas\.m2\repository\com\zaxxer\HikariCP\3.4.5\HikariCP-3.4.5.jar;C:\Users\titas\.m2\repository\org\springframework\spring-jdbc\5.2.7.RELEASE\spring-jdbc-5.2.7.RELEASE.jar;C:\Users\titas\.m2\repository\jakarta\transaction\jakarta.transaction-api\1.3.3\jakarta.transaction-api-1.3.3.jar;C:\Users\titas\.m2\repository\jakarta\persistence\jakarta.persistence-api\2.2.3\jakarta.persistence-api-2.2.3.jar;C:\Users\titas\.m2\repository\org\hibernate\hibernate-core\5.4.17.Final\hibernate-core-5.4.17.Final.jar;C:\Users\titas\.m2\repository\org\javassist\javassist\3.24.0-GA\javassist-3.24.0-GA.jar;C:\Users\titas\.m2\repository\net\bytebuddy\byte-buddy\1.10.11\byte-buddy-1.10.11.jar;C:\Users\titas\.m2\repository\antlr\antlr\2.7.7\antlr-2.7.7.jar;C:\Users\titas\.m2\repository\org\jboss\jandex\2.1.3.Final\jandex-2.1.3.Final.jar;C:\Users\titas\.m2\repository\org\dom4j\dom4j\2.1.3\dom4j-2.1.3.jar;C:\Users\titas\.m2\repository\org\hibernate\common\hibernate-commons-annotations\5.1.0.Final\hibernate-commons-annotations-5.1.0.Final.jar;C:\Users\titas\.m2\repository\org\glassfish\jaxb\jaxb-runtime\2.3.3\jaxb-runtime-2.3.3.jar;C:\Users\titas\.m2\repository\org\glassfish\jaxb\txw2\2.3.3\txw2-2.3.3.jar;C:\Users\titas\.m2\repository\com\sun\istack\istack-commons-runtime\3.0.11\istack-commons-runtime-3.0.11.jar;C:\Users\titas\.m2\repository\com\sun\activation\jakarta.activation\1.2.2\jakarta.activation-1.2.2.jar;C:\Users\titas\.m2\repository\org\springframework\data\spring-data-jpa\2.3.1.RELEASE\spring-data-jpa-2.3.1.RELEASE.jar;C:\Users\titas\.m2\repository\org\springframework\data\spring-data-commons\2.3.1.RELEASE\spring-data-commons-2.3.1.RELEASE.jar;C:\Users\titas\.m2\repository\org\springframework\spring-orm\5.2.7.RELEASE\spring-orm-5.2.7.RELEASE.jar;C:\Users\titas\.m2\repository\org\springframework\spring-context\5.2.7.RELEASE\spring-context-5.2.7.RELEASE.jar;C:\Users\titas\.m2\repository\org\springframework\spring-tx\5.2.7.RELEASE\spring-tx-5.2.7.RELEASE.jar;C:\Users\titas\.m2\repository\org\springframework\spring-beans\5.2.7.RELEASE\spring-beans-5.2.7.RELEASE.jar;C:\Users\titas\.m2\repository\org\springframework\spring-aspects\5.2.7.RELEASE\spring-aspects-5.2.7.RELEASE.jar;C:\Users\titas\.m2\repository\org\springframework\boot\spring-boot-starter-web\2.3.1.RELEASE\spring-boot-starter-web-2.3.1.RELEASE.jar;C:\Users\titas\.m2\repository\org\springframework\boot\spring-boot-starter\2.3.1.RELEASE\spring-boot-starter-2.3.1.RELEASE.jar;C:\Users\titas\.m2\repository\org\springframework\boot\spring-boot\2.3.1.RELEASE\spring-boot-2.3.1.RELEASE.jar;C:\Users\titas\.m2\repository\org\springframework\boot\spring-boot-autoconfigure\2.3.1.RELEASE\spring-boot-autoconfigure-2.3.1.RELEASE.jar;C:\Users\titas\.m2\repository\org\springframework\boot\spring-boot-starter-logging\2.3.1.RELEASE\spring-boot-starter-logging-2.3.1.RELEASE.jar;C:\Users\titas\.m2\repository\org\apache\logging\log4j\log4j-to-slf4j\2.13.3\log4j-to-slf4j-2.13.3.jar;C:\Users\titas\.m2\repository\org\apache\logging\log4j\log4j-api\2.13.3\log4j-api-2.13.3.jar;C:\Users\titas\.m2\repository\org\slf4j\jul-to-slf4j\1.7.30\jul-to-slf4j-1.7.30.jar;C:\Users\titas\.m2\repository\jakarta\annotation\jakarta.annotation-api\1.3.5\jakarta.annotation-api-1.3.5.jar;C:\Users\titas\.m2\repository\org\yaml\snakeyaml\1.26\snakeyaml-1.26.jar;C:\Users\titas\.m2\repository\org\springframework\boot\spring-boot-starter-json\2.3.1.RELEASE\spring-boot-starter-json-2.3.1.RELEASE.jar;C:\Users\titas\.m2\repository\com\fasterxml\jackson\core\jackson-databind\2.11.0\jackson-databind-2.11.0.jar;C:\Users\titas\.m2\repository\com\fasterxml\jackson\core\jackson-annotations\2.11.0\jackson-annotations-2.11.0.jar;C:\Users\titas\.m2\repository\com\fasterxml\jackson\core\jackson-core\2.11.0\jackson-core-2.11.0.jar;C:\Users\titas\.m2\repository\com\fasterxml\jackson\datatype\jackson-datatype-jdk8\2.11.0\jackson-datatype-jdk8-2.11.0.jar;C:\Users\titas\.m2\repository\com\fasterxml\jackson\datatype\jackson-datatype-jsr310\2.11.0\jackson-datatype-jsr310-2.11.0.jar;C:\Users\titas\.m2\repository\com\fasterxml\jackson\module\jackson-module-parameter-names\2.11.0\jackson-module-parameter-names-2.11.0.jar;C:\Users\titas\.m2\repository\org\springframework\boot\spring-boot-starter-tomcat\2.3.1.RELEASE\spring-boot-starter-tomcat-2.3.1.RELEASE.jar;C:\Users\titas\.m2\repository\org\apache\tomcat\embed\tomcat-embed-core\9.0.36\tomcat-embed-core-9.0.36.jar;C:\Users\titas\.m2\repository\org\glassfish\jakarta.el\3.0.3\jakarta.el-3.0.3.jar;C:\Users\titas\.m2\repository\org\apache\tomcat\embed\tomcat-embed-websocket\9.0.36\tomcat-embed-websocket-9.0.36.jar;C:\Users\titas\.m2\repository\org\springframework\spring-web\5.2.7.RELEASE\spring-web-5.2.7.RELEASE.jar;C:\Users\titas\.m2\repository\org\springframework\spring-webmvc\5.2.7.RELEASE\spring-webmvc-5.2.7.RELEASE.jar;C:\Users\titas\.m2\repository\org\springframework\spring-expression\5.2.7.RELEASE\spring-expression-5.2.7.RELEASE.jar;C:\Users\titas\.m2\repository\ch\qos\logback\logback-core\1.2.3\logback-core-1.2.3.jar;C:\Users\titas\.m2\repository\org\slf4j\slf4j-api\1.7.30\slf4j-api-1.7.30.jar;C:\Users\titas\.m2\repository\ch\qos\logback\logback-classic\1.2.3\logback-classic-1.2.3.jar;C:\Users\titas\.m2\repository\com\github\ben-manes\caffeine\caffeine\2.6.2\caffeine-2.6.2.jar;C:\Users\titas\.m2\repository\org\hibernate\validator\hibernate-validator\6.1.5.Final\hibernate-validator-6.1.5.Final.jar;C:\Users\titas\.m2\repository\jakarta\validation\jakarta.validation-api\2.0.2\jakarta.validation-api-2.0.2.jar;C:\Users\titas\.m2\repository\org\jboss\logging\jboss-logging\3.4.1.Final\jboss-logging-3.4.1.Final.jar;C:\Users\titas\.m2\repository\com\fasterxml\classmate\1.5.1\classmate-1.5.1.jar;C:\Users\titas\.m2\repository\org\liquibase\liquibase-core\3.10.0\liquibase-core-3.10.0.jar;C:\Users\titas\.m2\repository\javax\xml\bind\jaxb-api\2.3.1\jaxb-api-2.3.1.jar;C:\Users\titas\.m2\repository\javax\activation\javax.activation-api\1.2.0\javax.activation-api-1.2.0.jar;C:\Users\titas\.m2\repository\com\h2database\h2\1.4.200\h2-1.4.200.jar;C:\Users\titas\.m2\repository\org\projectlombok\lombok\1.18.12\lombok-1.18.12.jar;C:\Users\titas\.m2\repository\org\springframework\boot\spring-boot-starter-test\2.3.1.RELEASE\spring-boot-starter-test-2.3.1.RELEASE.jar;C:\Users\titas\.m2\repository\org\springframework\boot\spring-boot-test\2.3.1.RELEASE\spring-boot-test-2.3.1.RELEASE.jar;C:\Users\titas\.m2\repository\org\springframework\boot\spring-boot-test-autoconfigure\2.3.1.RELEASE\spring-boot-test-autoconfigure-2.3.1.RELEASE.jar;C:\Users\titas\.m2\repository\com\jayway\jsonpath\json-path\2.4.0\json-path-2.4.0.jar;C:\Users\titas\.m2\repository\net\minidev\json-smart\2.3\json-smart-2.3.jar;C:\Users\titas\.m2\repository\net\minidev\accessors-smart\1.2\accessors-smart-1.2.jar;C:\Users\titas\.m2\repository\org\ow2\asm\asm\5.0.4\asm-5.0.4.jar;C:\Users\titas\.m2\repository\jakarta\xml\bind\jakarta.xml.bind-api\2.3.3\jakarta.xml.bind-api-2.3.3.jar;C:\Users\titas\.m2\repository\jakarta\activation\jakarta.activation-api\1.2.2\jakarta.activation-api-1.2.2.jar;C:\Users\titas\.m2\repository\org\assertj\assertj-core\3.16.1\assertj-core-3.16.1.jar;C:\Users\titas\.m2\repository\org\hamcrest\hamcrest\2.2\hamcrest-2.2.jar;C:\Users\titas\.m2\repository\org\junit\jupiter\junit-jupiter\5.6.2\junit-jupiter-5.6.2.jar;C:\Users\titas\.m2\repository\org\junit\jupiter\junit-jupiter-api\5.6.2\junit-jupiter-api-5.6.2.jar;C:\Users\titas\.m2\repository\org\apiguardian\apiguardian-api\1.1.0\apiguardian-api-1.1.0.jar;C:\Users\titas\.m2\repository\org\opentest4j\opentest4j\1.2.0\opentest4j-1.2.0.jar;C:\Users\titas\.m2\repository\org\junit\platform\junit-platform-commons\1.6.2\junit-platform-commons-1.6.2.jar;C:\Users\titas\.m2\repository\org\junit\jupiter\junit-jupiter-params\5.6.2\junit-jupiter-params-5.6.2.jar;C:\Users\titas\.m2\repository\org\junit\jupiter\junit-jupiter-engine\5.6.2\junit-jupiter-engine-5.6.2.jar;C:\Users\titas\.m2\repository\org\junit\platform\junit-platform-engine\1.6.2\junit-platform-engine-1.6.2.jar;C:\Users\titas\.m2\repository\org\mockito\mockito-core\3.3.3\mockito-core-3.3.3.jar;C:\Users\titas\.m2\repository\net\bytebuddy\byte-buddy-agent\1.10.11\byte-buddy-agent-1.10.11.jar;C:\Users\titas\.m2\repository\org\objenesis\objenesis\2.6\objenesis-2.6.jar;C:\Users\titas\.m2\repository\org\mockito\mockito-junit-jupiter\3.3.3\mockito-junit-jupiter-3.3.3.jar;C:\Users\titas\.m2\repository\org\skyscreamer\jsonassert\1.5.0\jsonassert-1.5.0.jar;C:\Users\titas\.m2\repository\com\vaadin\external\google\android-json\0.0.20131108.vaadin1\android-json-0.0.20131108.vaadin1.jar;C:\Users\titas\.m2\repository\org\springframework\spring-core\5.2.7.RELEASE\spring-core-5.2.7.RELEASE.jar;C:\Users\titas\.m2\repository\org\springframework\spring-jcl\5.2.7.RELEASE\spring-jcl-5.2.7.RELEASE.jar;C:\Users\titas\.m2\repository\org\springframework\spring-test\5.2.7.RELEASE\spring-test-5.2.7.RELEASE.jar;C:\Users\titas\.m2\repository\org\xmlunit\xmlunit-core\2.7.0\xmlunit-core-2.7.0.jar;"/>
    <property name="sun.cpu.endian" value="little"/>
    <property name="user.home" value="C:\Users\titas"/>
    <property name="user.language" value="en"/>
    <property name="java.specification.vendor" value="Oracle Corporation"/>
    <property name="java.version.date" value="2020-03-17"/>
    <property name="java.home" value="C:\java\adopJdk14"/>
    <property name="file.separator" value="\"/>
    <property name="basedir" value="D:\projects\somefavorites"/>
    <property name="java.vm.compressedOopsMode" value="32-bit"/>
    <property name="line.separator" value="&#10;"/>
    <property name="java.vm.specification.vendor" value="Oracle Corporation"/>
    <property name="java.specification.name" value="Java Platform API Specification"/>
    <property name="surefire.real.class.path" value="C:\Users\titas\AppData\Local\Temp\surefire13016417390405869228\surefirebooter3681329184133716748.jar"/>
    <property name="user.script" value=""/>
    <property name="sun.management.compiler" value="HotSpot 64-Bit Tiered Compilers"/>
    <property name="java.runtime.version" value="14+36"/>
    <property name="user.name" value="titas"/>
    <property name="path.separator" value=";"/>
    <property name="os.version" value="10.0"/>
    <property name="java.runtime.name" value="OpenJDK Runtime Environment"/>
    <property name="file.encoding" value="Cp1252"/>
    <property name="java.vm.name" value="OpenJDK 64-Bit Server VM"/>
    <property name="java.vendor.version" value="AdoptOpenJDK"/>
    <property name="localRepository" value="C:\Users\titas\.m2\repository"/>
    <property name="java.vendor.url.bug" value="https://github.com/AdoptOpenJDK/openjdk-support/issues"/>
    <property name="java.io.tmpdir" value="C:\Users\titas\AppData\Local\Temp\"/>
    <property name="java.version" value="14"/>
    <property name="user.dir" value="D:\projects\somefavorites"/>
    <property name="os.arch" value="amd64"/>
    <property name="java.vm.specification.name" value="Java Virtual Machine Specification"/>
    <property name="sun.os.patch.level" value=""/>
    <property name="java.library.path" value="C:\java\adopJdk14\bin;C:\WINDOWS\Sun\Java\bin;C:\WINDOWS\system32;C:\WINDOWS;C:\Windows\system32;C:\Windows;C:\Windows\System32\Wbem;C:\Windows\System32\WindowsPowerShell\v1.0\;C:\Windows\System32\OpenSSH\;C:\Program Files (x86)\NVIDIA Corporation\PhysX\Common;C:\Program Files\NVIDIA Corporation\NVIDIA NvDLISR;C:\Program Files\Intel\WiFi\bin\;C:\Program Files\Common Files\Intel\WirelessCommon\;C:\WINDOWS\system32;C:\WINDOWS;C:\WINDOWS\System32\Wbem;C:\WINDOWS\System32\WindowsPowerShell\v1.0\;C:\WINDOWS\System32\OpenSSH\;C:\Java\Git\cmd;C:\Users\titas\AppData\Local\Microsoft\WindowsApps;C:\java\adopJdk14\bin;D:\IntelliJ\bin;;D:\IntelliJ\plugins\maven\lib\maven3\bin;;."/>
    <property name="java.vm.info" value="mixed mode, sharing"/>
    <property name="java.vendor" value="AdoptOpenJDK"/>
    <property name="java.vm.version" value="14+36"/>
    <property name="sun.io.unicode.encoding" value="UnicodeLittle"/>
    <property name="java.class.version" value="58.0"/>
  </properties>
  <testcase name="shouldFindArtistCreatedByTestLiquibaseScript" classname="com.itunes.integration.favorites.FavoriteApplicationIntegrationTests" time="0.391"/>
  <testcase name="shouldGetAlbums" classname="com.itunes.integration.favorites.FavoriteApplicationIntegrationTests" time="1.206"/>
  <testcase name="shouldGetNotFoundForNonExistingUser" classname="com.itunes.integration.favorites.FavoriteApplicationIntegrationTests" time="0.444"/>
  <testcase name="shouldCreateFavoriteArtistForUser" classname="com.itunes.integration.favorites.FavoriteApplicationIntegrationTests" time="0.033"/>
  <testcase name="contextLoads" classname="com.itunes.integration.favorites.FavoriteApplicationIntegrationTests" time="0"/>
</testsuite>